<?xml version="1.0" encoding="UTF-8"?>
<!-- Generated by org.testng.reporters.JUnitReportReporter -->
<testsuite hostname="DESKTOP-BVPTC91" failures="0" tests="1" name="FirstScriptTest" time="0.010" errors="0" timestamp="2022-03-14T12:43:12 IST" skipped="0">
  <testcase classname="FirstScriptTest" name="firstscript" time="0.010"/>
  <system-out/>
</testsuite> <!-- FirstScriptTest -->
