<?xml version="1.0" encoding="UTF-8"?>
<!-- Generated by org.testng.reporters.JUnitReportReporter -->
<testsuite skipped="0" hostname="DESKTOP-BVPTC91" name="ReadDataTest" tests="1" failures="0" timestamp="2022-03-14T16:08:57 IST" time="0.008" errors="0">
  <testcase name="readdata" time="0.008" classname="ReadDataTest"/>
  <system-out/>
</testsuite> <!-- ReadDataTest -->
