<?xml version="1.0" encoding="UTF-8"?>
<!-- Generated by org.testng.reporters.JUnitReportReporter -->
<testsuite skipped="0" hostname="DESKTOP-BVPTC91" name="SecondScriptTest" tests="1" failures="0" timestamp="2022-03-14T15:55:38 IST" time="0.000" errors="0">
  <testcase name="secondscript" time="0.000" classname="SecondScriptTest"/>
  <system-out/>
</testsuite> <!-- SecondScriptTest -->
