<?xml version="1.0" encoding="UTF-8"?>
<!-- Generated by org.testng.reporters.JUnitReportReporter -->
<testsuite skipped="0" hostname="DESKTOP-BVPTC91" name="FirstScriptTest" tests="2" failures="0" timestamp="2022-03-14T15:55:38 IST" time="0.009" errors="0">
  <testcase name="thriedscript" time="0.001" classname="FirstScriptTest"/>
  <system-out/>
  <testcase name="firstscript" time="0.008" classname="FirstScriptTest"/>
  <system-out/>
</testsuite> <!-- FirstScriptTest -->
